Started GET "/" for 127.0.0.1 at 2022-05-16 15:49:08 +0300
  
ActiveRecord::NoDatabaseError (We could not find your database: rails_recipe_app_development. Which can be found in the database configuration file located at config/database.yml.

To resolve this issue:

- Did you create the database for this app, or delete it? You may need to create your database.
- Has the database name changed? Check your database.yml config has the correct database name.

To create your database, run:

        bin/rails db:create
):
  
activerecord (7.0.3) lib/active_record/connection_adapters/postgresql_adapter.rb:81:in `rescue in new_client'
activerecord (7.0.3) lib/active_record/connection_adapters/postgresql_adapter.rb:77:in `new_client'
activerecord (7.0.3) lib/active_record/connection_adapters/postgresql_adapter.rb:37:in `postgresql_connection'
activerecord (7.0.3) lib/active_record/connection_adapters/abstract/connection_pool.rb:656:in `public_send'
activerecord (7.0.3) lib/active_record/connection_adapters/abstract/connection_pool.rb:656:in `new_connection'
activerecord (7.0.3) lib/active_record/connection_adapters/abstract/connection_pool.rb:700:in `checkout_new_connection'
activerecord (7.0.3) lib/active_record/connection_adapters/abstract/connection_pool.rb:679:in `try_to_checkout_new_connection'
activerecord (7.0.3) lib/active_record/connection_adapters/abstract/connection_pool.rb:640:in `acquire_connection'
activerecord (7.0.3) lib/active_record/connection_adapters/abstract/connection_pool.rb:341:in `checkout'
activerecord (7.0.3) lib/active_record/connection_adapters/abstract/connection_pool.rb:181:in `connection'
activerecord (7.0.3) lib/active_record/connection_adapters/abstract/connection_handler.rb:211:in `retrieve_connection'
activerecord (7.0.3) lib/active_record/connection_handling.rb:313:in `retrieve_connection'
activerecord (7.0.3) lib/active_record/connection_handling.rb:280:in `connection'
activerecord (7.0.3) lib/active_record/migration.rb:613:in `connection'
activerecord (7.0.3) lib/active_record/migration.rb:608:in `build_watcher'
activerecord (7.0.3) lib/active_record/migration.rb:590:in `block in call'
activerecord (7.0.3) lib/active_record/migration.rb:589:in `synchronize'
activerecord (7.0.3) lib/active_record/migration.rb:589:in `call'
actionpack (7.0.3) lib/action_dispatch/middleware/callbacks.rb:27:in `block in call'
activesupport (7.0.3) lib/active_support/callbacks.rb:99:in `run_callbacks'
actionpack (7.0.3) lib/action_dispatch/middleware/callbacks.rb:26:in `call'
actionpack (7.0.3) lib/action_dispatch/middleware/executor.rb:14:in `call'
actionpack (7.0.3) lib/action_dispatch/middleware/actionable_exceptions.rb:17:in `call'
actionpack (7.0.3) lib/action_dispatch/middleware/debug_exceptions.rb:28:in `call'
web-console (4.2.0) lib/web_console/middleware.rb:132:in `call_app'
web-console (4.2.0) lib/web_console/middleware.rb:28:in `block in call'
web-console (4.2.0) lib/web_console/middleware.rb:17:in `catch'
web-console (4.2.0) lib/web_console/middleware.rb:17:in `call'
actionpack (7.0.3) lib/action_dispatch/middleware/show_exceptions.rb:26:in `call'
railties (7.0.3) lib/rails/rack/logger.rb:40:in `call_app'
railties (7.0.3) lib/rails/rack/logger.rb:25:in `block in call'
activesupport (7.0.3) lib/active_support/tagged_logging.rb:114:in `block in tagged'
activesupport (7.0.3) lib/active_support/tagged_logging.rb:38:in `tagged'
activesupport (7.0.3) lib/active_support/tagged_logging.rb:114:in `tagged'
railties (7.0.3) lib/rails/rack/logger.rb:25:in `call'
sprockets-rails (3.4.2) lib/sprockets/rails/quiet_assets.rb:13:in `call'
actionpack (7.0.3) lib/action_dispatch/middleware/remote_ip.rb:93:in `call'
actionpack (7.0.3) lib/action_dispatch/middleware/request_id.rb:26:in `call'
rack (2.2.3) lib/rack/method_override.rb:24:in `call'
rack (2.2.3) lib/rack/runtime.rb:22:in `call'
activesupport (7.0.3) lib/active_support/cache/strategy/local_cache_middleware.rb:29:in `call'
actionpack (7.0.3) lib/action_dispatch/middleware/server_timing.rb:20:in `call'
actionpack (7.0.3) lib/action_dispatch/middleware/executor.rb:14:in `call'
actionpack (7.0.3) lib/action_dispatch/middleware/static.rb:23:in `call'
rack (2.2.3) lib/rack/sendfile.rb:110:in `call'
actionpack (7.0.3) lib/action_dispatch/middleware/host_authorization.rb:137:in `call'
railties (7.0.3) lib/rails/engine.rb:530:in `call'
puma (5.6.4) lib/puma/configuration.rb:252:in `call'
puma (5.6.4) lib/puma/request.rb:77:in `block in handle_request'
puma (5.6.4) lib/puma/thread_pool.rb:340:in `with_force_shutdown'
puma (5.6.4) lib/puma/request.rb:76:in `handle_request'
puma (5.6.4) lib/puma/server.rb:441:in `process_client'
puma (5.6.4) lib/puma/thread_pool.rb:147:in `block in spawn_thread'
Started POST "/rails/actions" for 127.0.0.1 at 2022-05-16 15:49:14 +0300
  [1m[35m (190.7ms)[0m  [1m[35mCREATE DATABASE "rails_recipe_app_development" ENCODING = 'unicode'[0m
  [1m[35m (128.3ms)[0m  [1m[35mCREATE DATABASE "rails_recipe_app_test" ENCODING = 'unicode'[0m
Started GET "/" for 127.0.0.1 at 2022-05-16 15:49:15 +0300
Processing by Rails::WelcomeController#index as HTML
  Rendering /home/farid/.rvm/gems/ruby-3.1.2/gems/railties-7.0.3/lib/rails/templates/rails/welcome/index.html.erb
  Rendered /home/farid/.rvm/gems/ruby-3.1.2/gems/railties-7.0.3/lib/rails/templates/rails/welcome/index.html.erb (Duration: 2.3ms | Allocations: 327)
Completed 200 OK in 36ms (Views: 4.3ms | ActiveRecord: 0.0ms | Allocations: 2749)


  [1m[35m (23.2ms)[0m  [1m[35mCREATE TABLE "schema_migrations" ("version" character varying NOT NULL PRIMARY KEY)[0m
  [1m[35m (9.3ms)[0m  [1m[35mCREATE TABLE "ar_internal_metadata" ("key" character varying NOT NULL PRIMARY KEY, "value" character varying, "created_at" timestamp(6) NOT NULL, "updated_at" timestamp(6) NOT NULL)[0m
  [1m[35m (2.1ms)[0m  [1m[34mSELECT pg_try_advisory_lock(2321900430394461525)[0m
  [1m[36mActiveRecord::SchemaMigration Pluck (0.6ms)[0m  [1m[34mSELECT "schema_migrations"."version" FROM "schema_migrations" ORDER BY "schema_migrations"."version" ASC[0m
Migrating to DeviseCreateUsers (20220516125942)
  [1m[36mTRANSACTION (0.2ms)[0m  [1m[35mBEGIN[0m
  [1m[35m (9.5ms)[0m  [1m[35mCREATE TABLE "users" ("id" bigserial primary key, "name" character varying NOT NULL, "email" character varying DEFAULT '' NOT NULL, "encrypted_password" character varying DEFAULT '' NOT NULL, "reset_password_token" character varying, "reset_password_sent_at" timestamp(6), "remember_created_at" timestamp(6), "confirmation_token" character varying, "confirmed_at" timestamp(6), "confirmation_sent_at" timestamp(6), "unconfirmed_email" character varying, "created_at" timestamp(6) NOT NULL, "updated_at" timestamp(6) NOT NULL)[0m
  [1m[35m (5.4ms)[0m  [1m[35mCREATE UNIQUE INDEX "index_users_on_email" ON "users" ("email")[0m
  [1m[35m (2.4ms)[0m  [1m[35mCREATE UNIQUE INDEX "index_users_on_reset_password_token" ON "users" ("reset_password_token")[0m
  [1m[35m (3.4ms)[0m  [1m[35mCREATE UNIQUE INDEX "index_users_on_confirmation_token" ON "users" ("confirmation_token")[0m
  [1m[36mActiveRecord::SchemaMigration Create (0.8ms)[0m  [1m[32mINSERT INTO "schema_migrations" ("version") VALUES ($1) RETURNING "version"[0m  [["version", "20220516125942"]]
  [1m[36mTRANSACTION (2.6ms)[0m  [1m[35mCOMMIT[0m
  [1m[36mActiveRecord::InternalMetadata Load (0.4ms)[0m  [1m[34mSELECT "ar_internal_metadata".* FROM "ar_internal_metadata" WHERE "ar_internal_metadata"."key" = $1 LIMIT $2[0m  [["key", "environment"], ["LIMIT", 1]]
  [1m[36mTRANSACTION (0.2ms)[0m  [1m[35mBEGIN[0m
  [1m[36mActiveRecord::InternalMetadata Create (0.7ms)[0m  [1m[32mINSERT INTO "ar_internal_metadata" ("key", "value", "created_at", "updated_at") VALUES ($1, $2, $3, $4) RETURNING "key"[0m  [["key", "environment"], ["value", "development"], ["created_at", "2022-05-16 13:05:10.471185"], ["updated_at", "2022-05-16 13:05:10.471185"]]
  [1m[36mTRANSACTION (2.9ms)[0m  [1m[35mCOMMIT[0m
  [1m[35m (1.2ms)[0m  [1m[34mSELECT pg_advisory_unlock(2321900430394461525)[0m
  [1m[36mActiveRecord::SchemaMigration Pluck (1.6ms)[0m  [1m[34mSELECT "schema_migrations"."version" FROM "schema_migrations" ORDER BY "schema_migrations"."version" ASC[0m
Started GET "/" for 127.0.0.1 at 2022-05-16 16:26:16 +0300
  [1m[36mActiveRecord::SchemaMigration Pluck (0.8ms)[0m  [1m[34mSELECT "schema_migrations"."version" FROM "schema_migrations" ORDER BY "schema_migrations"."version" ASC[0m
  
ActionController::RoutingError (uninitialized constant HomeController

      Object.const_get(camel_cased_word)
            ^^^^^^^^^^

            raise MissingController.new(error.message, error.name)
            ^^^^^):
  
  [1m[35m (0.3ms)[0m  [1m[34mSELECT pg_try_advisory_lock(2321900430394461525)[0m
  [1m[36mActiveRecord::SchemaMigration Pluck (0.7ms)[0m  [1m[34mSELECT "schema_migrations"."version" FROM "schema_migrations" ORDER BY "schema_migrations"."version" ASC[0m
Migrating to CreateFoods (20220516132950)
  [1m[36mTRANSACTION (0.5ms)[0m  [1m[35mBEGIN[0m
  [1m[35m (20.1ms)[0m  [1m[35mCREATE TABLE "foods" ("id" bigserial primary key, "name" character varying, "measurement_unit" character varying, "price" float, "user_id" bigint NOT NULL, "created_at" timestamp(6) NOT NULL, "updated_at" timestamp(6) NOT NULL, CONSTRAINT "fk_rails_541e2e5c7b"
FOREIGN KEY ("user_id")
  REFERENCES "users" ("id")
)[0m
  [1m[35m (3.3ms)[0m  [1m[35mCREATE INDEX "index_foods_on_user_id" ON "foods" ("user_id")[0m
  [1m[36mActiveRecord::SchemaMigration Create (2.6ms)[0m  [1m[32mINSERT INTO "schema_migrations" ("version") VALUES ($1) RETURNING "version"[0m  [["version", "20220516132950"]]
  [1m[36mTRANSACTION (2.4ms)[0m  [1m[35mCOMMIT[0m
  [1m[36mActiveRecord::InternalMetadata Load (0.4ms)[0m  [1m[34mSELECT "ar_internal_metadata".* FROM "ar_internal_metadata" WHERE "ar_internal_metadata"."key" = $1 LIMIT $2[0m  [["key", "environment"], ["LIMIT", 1]]
  [1m[35m (1.2ms)[0m  [1m[34mSELECT pg_advisory_unlock(2321900430394461525)[0m
  [1m[36mActiveRecord::SchemaMigration Pluck (2.7ms)[0m  [1m[34mSELECT "schema_migrations"."version" FROM "schema_migrations" ORDER BY "schema_migrations"."version" ASC[0m
  [1m[35m (0.2ms)[0m  [1m[34mSELECT pg_try_advisory_lock(2321900430394461525)[0m
  [1m[36mActiveRecord::SchemaMigration Pluck (1.1ms)[0m  [1m[34mSELECT "schema_migrations"."version" FROM "schema_migrations" ORDER BY "schema_migrations"."version" ASC[0m
Migrating to CreateRecipes (20220516133714)
  [1m[36mTRANSACTION (0.3ms)[0m  [1m[35mBEGIN[0m
  [1m[35m (16.2ms)[0m  [1m[35mCREATE TABLE "recipes" ("id" bigserial primary key, "name" character varying, "preparation_time" character varying, "cooking_time" character varying, "decription" character varying, "public" boolean, "user_id" bigint NOT NULL, "created_at" timestamp(6) NOT NULL, "updated_at" timestamp(6) NOT NULL, CONSTRAINT "fk_rails_9606fce865"
FOREIGN KEY ("user_id")
  REFERENCES "users" ("id")
)[0m
  [1m[35m (2.9ms)[0m  [1m[35mCREATE INDEX "index_recipes_on_user_id" ON "recipes" ("user_id")[0m
  [1m[36mActiveRecord::SchemaMigration Create (2.9ms)[0m  [1m[32mINSERT INTO "schema_migrations" ("version") VALUES ($1) RETURNING "version"[0m  [["version", "20220516133714"]]
  [1m[36mTRANSACTION (2.5ms)[0m  [1m[35mCOMMIT[0m
Migrating to CreateRecipeFoods (20220516133952)
  [1m[36mTRANSACTION (1.0ms)[0m  [1m[35mBEGIN[0m
  [1m[35m (8.7ms)[0m  [1m[35mCREATE TABLE "recipe_foods" ("id" bigserial primary key, "quantity" float, "food_id" bigint NOT NULL, "recipe_id" bigint NOT NULL, "created_at" timestamp(6) NOT NULL, "updated_at" timestamp(6) NOT NULL, CONSTRAINT "fk_rails_cef9648c35"
FOREIGN KEY ("food_id")
  REFERENCES "foods" ("id")
, CONSTRAINT "fk_rails_b279eaba63"
FOREIGN KEY ("recipe_id")
  REFERENCES "recipes" ("id")
)[0m
  [1m[35m (3.6ms)[0m  [1m[35mCREATE INDEX "index_recipe_foods_on_food_id" ON "recipe_foods" ("food_id")[0m
  [1m[35m (4.7ms)[0m  [1m[35mCREATE INDEX "index_recipe_foods_on_recipe_id" ON "recipe_foods" ("recipe_id")[0m
  [1m[36mActiveRecord::SchemaMigration Create (0.5ms)[0m  [1m[32mINSERT INTO "schema_migrations" ("version") VALUES ($1) RETURNING "version"[0m  [["version", "20220516133952"]]
  [1m[36mTRANSACTION (2.6ms)[0m  [1m[35mCOMMIT[0m
  [1m[36mActiveRecord::InternalMetadata Load (0.4ms)[0m  [1m[34mSELECT "ar_internal_metadata".* FROM "ar_internal_metadata" WHERE "ar_internal_metadata"."key" = $1 LIMIT $2[0m  [["key", "environment"], ["LIMIT", 1]]
  [1m[35m (0.5ms)[0m  [1m[34mSELECT pg_advisory_unlock(2321900430394461525)[0m
  [1m[36mActiveRecord::SchemaMigration Pluck (0.6ms)[0m  [1m[34mSELECT "schema_migrations"."version" FROM "schema_migrations" ORDER BY "schema_migrations"."version" ASC[0m
Started GET "/" for 127.0.0.1 at 2022-05-16 16:52:20 +0300
  [1m[36mActiveRecord::SchemaMigration Pluck (0.9ms)[0m  [1m[34mSELECT "schema_migrations"."version" FROM "schema_migrations" ORDER BY "schema_migrations"."version" ASC[0m
Processing by RecipesController#public as HTML
  Rendering layout layouts/application.html.erb
  Rendering recipes/public.html.erb within layouts/application
  Rendered recipes/public.html.erb within layouts/application (Duration: 3.5ms | Allocations: 330)
  Rendered layout layouts/application.html.erb (Duration: 610.5ms | Allocations: 87825)
Completed 200 OK in 686ms (Views: 622.2ms | ActiveRecord: 0.0ms | Allocations: 91110)


Started GET "/public/recipes" for 127.0.0.1 at 2022-05-16 16:52:34 +0300
Processing by RecipesController#public as HTML
  Rendering layout layouts/application.html.erb
  Rendering recipes/public.html.erb within layouts/application
  Rendered recipes/public.html.erb within layouts/application (Duration: 0.1ms | Allocations: 20)
  Rendered layout layouts/application.html.erb (Duration: 7.0ms | Allocations: 2513)
Completed 200 OK in 9ms (Views: 7.9ms | ActiveRecord: 0.0ms | Allocations: 2842)


Started GET "/general_shopping_list" for 127.0.0.1 at 2022-05-16 17:34:19 +0300
  
Zeitwerk::NameError (expected file /home/farid/Documents/projects/rails-recipe-app/app/controllers/shopping_list_controller.rb to define constant ShoppingListController, but didn't

      raise Zeitwerk::NameError.new("expected file #{file} to define constant #{cpath}, but didn't", cref.last)
      ^^^^^):
  
zeitwerk (2.5.4) lib/zeitwerk/loader/callbacks.rb:25:in `on_file_autoloaded'
zeitwerk (2.5.4) lib/zeitwerk/kernel.rb:28:in `require'
activesupport (7.0.3) lib/active_support/inflector/methods.rb:280:in `const_get'
activesupport (7.0.3) lib/active_support/inflector/methods.rb:280:in `constantize'
activesupport (7.0.3) lib/active_support/core_ext/string/inflections.rb:74:in `constantize'
actionpack (7.0.3) lib/action_dispatch/http/request.rb:90:in `controller_class_for'
actionpack (7.0.3) lib/action_dispatch/request/utils.rb:95:in `action_encoding_template'
actionpack (7.0.3) lib/action_dispatch/request/utils.rb:83:in `encode'
actionpack (7.0.3) lib/action_dispatch/request/utils.rb:45:in `set_binary_encoding'
actionpack (7.0.3) lib/action_dispatch/http/parameters.rb:68:in `path_parameters='
actionpack (7.0.3) lib/action_dispatch/journey/router.rb:48:in `block in serve'
actionpack (7.0.3) lib/action_dispatch/journey/router.rb:32:in `each'
actionpack (7.0.3) lib/action_dispatch/journey/router.rb:32:in `serve'
actionpack (7.0.3) lib/action_dispatch/routing/route_set.rb:852:in `call'
warden (1.2.9) lib/warden/manager.rb:36:in `block in call'
warden (1.2.9) lib/warden/manager.rb:34:in `catch'
warden (1.2.9) lib/warden/manager.rb:34:in `call'
rack (2.2.3) lib/rack/tempfile_reaper.rb:15:in `call'
rack (2.2.3) lib/rack/etag.rb:27:in `call'
rack (2.2.3) lib/rack/conditional_get.rb:27:in `call'
rack (2.2.3) lib/rack/head.rb:12:in `call'
actionpack (7.0.3) lib/action_dispatch/http/permissions_policy.rb:38:in `call'
actionpack (7.0.3) lib/action_dispatch/http/content_security_policy.rb:36:in `call'
rack (2.2.3) lib/rack/session/abstract/id.rb:266:in `context'
rack (2.2.3) lib/rack/session/abstract/id.rb:260:in `call'
actionpack (7.0.3) lib/action_dispatch/middleware/cookies.rb:697:in `call'
activerecord (7.0.3) lib/active_record/migration.rb:603:in `call'
actionpack (7.0.3) lib/action_dispatch/middleware/callbacks.rb:27:in `block in call'
activesupport (7.0.3) lib/active_support/callbacks.rb:99:in `run_callbacks'
actionpack (7.0.3) lib/action_dispatch/middleware/callbacks.rb:26:in `call'
actionpack (7.0.3) lib/action_dispatch/middleware/executor.rb:14:in `call'
actionpack (7.0.3) lib/action_dispatch/middleware/actionable_exceptions.rb:17:in `call'
actionpack (7.0.3) lib/action_dispatch/middleware/debug_exceptions.rb:28:in `call'
web-console (4.2.0) lib/web_console/middleware.rb:132:in `call_app'
web-console (4.2.0) lib/web_console/middleware.rb:28:in `block in call'
web-console (4.2.0) lib/web_console/middleware.rb:17:in `catch'
web-console (4.2.0) lib/web_console/middleware.rb:17:in `call'
actionpack (7.0.3) lib/action_dispatch/middleware/show_exceptions.rb:26:in `call'
railties (7.0.3) lib/rails/rack/logger.rb:40:in `call_app'
railties (7.0.3) lib/rails/rack/logger.rb:25:in `block in call'
activesupport (7.0.3) lib/active_support/tagged_logging.rb:114:in `block in tagged'
activesupport (7.0.3) lib/active_support/tagged_logging.rb:38:in `tagged'
activesupport (7.0.3) lib/active_support/tagged_logging.rb:114:in `tagged'
railties (7.0.3) lib/rails/rack/logger.rb:25:in `call'
sprockets-rails (3.4.2) lib/sprockets/rails/quiet_assets.rb:13:in `call'
actionpack (7.0.3) lib/action_dispatch/middleware/remote_ip.rb:93:in `call'
actionpack (7.0.3) lib/action_dispatch/middleware/request_id.rb:26:in `call'
rack (2.2.3) lib/rack/method_override.rb:24:in `call'
rack (2.2.3) lib/rack/runtime.rb:22:in `call'
activesupport (7.0.3) lib/active_support/cache/strategy/local_cache_middleware.rb:29:in `call'
actionpack (7.0.3) lib/action_dispatch/middleware/server_timing.rb:20:in `call'
actionpack (7.0.3) lib/action_dispatch/middleware/executor.rb:14:in `call'
actionpack (7.0.3) lib/action_dispatch/middleware/static.rb:23:in `call'
rack (2.2.3) lib/rack/sendfile.rb:110:in `call'
actionpack (7.0.3) lib/action_dispatch/middleware/host_authorization.rb:137:in `call'
railties (7.0.3) lib/rails/engine.rb:530:in `call'
puma (5.6.4) lib/puma/configuration.rb:252:in `call'
puma (5.6.4) lib/puma/request.rb:77:in `block in handle_request'
puma (5.6.4) lib/puma/thread_pool.rb:340:in `with_force_shutdown'
puma (5.6.4) lib/puma/request.rb:76:in `handle_request'
puma (5.6.4) lib/puma/server.rb:441:in `process_client'
puma (5.6.4) lib/puma/thread_pool.rb:147:in `block in spawn_thread'
Started GET "/general_shopping_list" for 127.0.0.1 at 2022-05-16 17:34:53 +0300
Processing by ShoppingListController#index as HTML
  Rendering layout layouts/application.html.erb
  Rendering shopping_list/index.html.erb within layouts/application
  Rendered shopping_list/index.html.erb within layouts/application (Duration: 3.4ms | Allocations: 145)
  Rendered layout layouts/application.html.erb (Duration: 107.0ms | Allocations: 14270)
Completed 200 OK in 115ms (Views: 112.2ms | Allocations: 15264)


Started GET "/" for 127.0.0.1 at 2022-05-16 15:39:41 +0100
  
ActiveRecord::NoDatabaseError (We could not find your database: rails_recipe_app_development. Which can be found in the database configuration file located at config/database.yml.

To resolve this issue:

- Did you create the database for this app, or delete it? You may need to create your database.
- Has the database name changed? Check your database.yml config has the correct database name.

To create your database, run:

        bin/rails db:create
):
  
activerecord (7.0.3) lib/active_record/connection_adapters/postgresql_adapter.rb:81:in `rescue in new_client'
activerecord (7.0.3) lib/active_record/connection_adapters/postgresql_adapter.rb:77:in `new_client'
activerecord (7.0.3) lib/active_record/connection_adapters/postgresql_adapter.rb:37:in `postgresql_connection'
activerecord (7.0.3) lib/active_record/connection_adapters/abstract/connection_pool.rb:656:in `public_send'
activerecord (7.0.3) lib/active_record/connection_adapters/abstract/connection_pool.rb:656:in `new_connection'
activerecord (7.0.3) lib/active_record/connection_adapters/abstract/connection_pool.rb:700:in `checkout_new_connection'
activerecord (7.0.3) lib/active_record/connection_adapters/abstract/connection_pool.rb:679:in `try_to_checkout_new_connection'
activerecord (7.0.3) lib/active_record/connection_adapters/abstract/connection_pool.rb:640:in `acquire_connection'
activerecord (7.0.3) lib/active_record/connection_adapters/abstract/connection_pool.rb:341:in `checkout'
activerecord (7.0.3) lib/active_record/connection_adapters/abstract/connection_pool.rb:181:in `connection'
activerecord (7.0.3) lib/active_record/connection_adapters/abstract/connection_handler.rb:211:in `retrieve_connection'
activerecord (7.0.3) lib/active_record/connection_handling.rb:313:in `retrieve_connection'
activerecord (7.0.3) lib/active_record/connection_handling.rb:280:in `connection'
activerecord (7.0.3) lib/active_record/migration.rb:613:in `connection'
activerecord (7.0.3) lib/active_record/migration.rb:608:in `build_watcher'
activerecord (7.0.3) lib/active_record/migration.rb:590:in `block in call'
activerecord (7.0.3) lib/active_record/migration.rb:589:in `synchronize'
activerecord (7.0.3) lib/active_record/migration.rb:589:in `call'
actionpack (7.0.3) lib/action_dispatch/middleware/callbacks.rb:27:in `block in call'
activesupport (7.0.3) lib/active_support/callbacks.rb:99:in `run_callbacks'
actionpack (7.0.3) lib/action_dispatch/middleware/callbacks.rb:26:in `call'
actionpack (7.0.3) lib/action_dispatch/middleware/executor.rb:14:in `call'
actionpack (7.0.3) lib/action_dispatch/middleware/actionable_exceptions.rb:17:in `call'
actionpack (7.0.3) lib/action_dispatch/middleware/debug_exceptions.rb:28:in `call'
web-console (4.2.0) lib/web_console/middleware.rb:132:in `call_app'
web-console (4.2.0) lib/web_console/middleware.rb:28:in `block in call'
web-console (4.2.0) lib/web_console/middleware.rb:17:in `catch'
web-console (4.2.0) lib/web_console/middleware.rb:17:in `call'
actionpack (7.0.3) lib/action_dispatch/middleware/show_exceptions.rb:26:in `call'
railties (7.0.3) lib/rails/rack/logger.rb:40:in `call_app'
railties (7.0.3) lib/rails/rack/logger.rb:25:in `block in call'
activesupport (7.0.3) lib/active_support/tagged_logging.rb:114:in `block in tagged'
activesupport (7.0.3) lib/active_support/tagged_logging.rb:38:in `tagged'
activesupport (7.0.3) lib/active_support/tagged_logging.rb:114:in `tagged'
railties (7.0.3) lib/rails/rack/logger.rb:25:in `call'
sprockets-rails (3.4.2) lib/sprockets/rails/quiet_assets.rb:13:in `call'
actionpack (7.0.3) lib/action_dispatch/middleware/remote_ip.rb:93:in `call'
actionpack (7.0.3) lib/action_dispatch/middleware/request_id.rb:26:in `call'
rack (2.2.3) lib/rack/method_override.rb:24:in `call'
rack (2.2.3) lib/rack/runtime.rb:22:in `call'
activesupport (7.0.3) lib/active_support/cache/strategy/local_cache_middleware.rb:29:in `call'
actionpack (7.0.3) lib/action_dispatch/middleware/server_timing.rb:20:in `call'
actionpack (7.0.3) lib/action_dispatch/middleware/executor.rb:14:in `call'
actionpack (7.0.3) lib/action_dispatch/middleware/static.rb:23:in `call'
rack (2.2.3) lib/rack/sendfile.rb:110:in `call'
actionpack (7.0.3) lib/action_dispatch/middleware/host_authorization.rb:137:in `call'
railties (7.0.3) lib/rails/engine.rb:530:in `call'
puma (5.6.4) lib/puma/configuration.rb:252:in `call'
puma (5.6.4) lib/puma/request.rb:77:in `block in handle_request'
puma (5.6.4) lib/puma/thread_pool.rb:340:in `with_force_shutdown'
puma (5.6.4) lib/puma/request.rb:76:in `handle_request'
puma (5.6.4) lib/puma/server.rb:441:in `process_client'
puma (5.6.4) lib/puma/thread_pool.rb:147:in `block in spawn_thread'
Started POST "/rails/actions" for 127.0.0.1 at 2022-05-16 15:39:43 +0100
  [1m[35m (164.5ms)[0m  [1m[35mCREATE DATABASE "rails_recipe_app_development" ENCODING = 'unicode'[0m
  [1m[35m (84.5ms)[0m  [1m[35mCREATE DATABASE "rails_recipe_app_test" ENCODING = 'unicode'[0m
Started GET "/" for 127.0.0.1 at 2022-05-16 15:39:43 +0100
  [1m[35m (7.0ms)[0m  [1m[35mCREATE TABLE "schema_migrations" ("version" character varying NOT NULL PRIMARY KEY)[0m
  [1m[35m (6.7ms)[0m  [1m[35mCREATE TABLE "ar_internal_metadata" ("key" character varying NOT NULL PRIMARY KEY, "value" character varying, "created_at" timestamp(6) NOT NULL, "updated_at" timestamp(6) NOT NULL)[0m
  [1m[36mActiveRecord::SchemaMigration Pluck (0.8ms)[0m  [1m[34mSELECT "schema_migrations"."version" FROM "schema_migrations" ORDER BY "schema_migrations"."version" ASC[0m
  
ActiveRecord::PendingMigrationError (

Migrations are pending. To resolve this issue, run:

        bin/rails db:migrate RAILS_ENV=development

You have 4 pending migrations:

20220516125942_devise_create_users.rb
20220516132950_create_foods.rb
20220516133714_create_recipes.rb
20220516133952_create_recipe_foods.rb


):
  
activerecord (7.0.3) lib/active_record/migration.rb:627:in `check_pending!'
activerecord (7.0.3) lib/active_record/migration.rb:592:in `block (2 levels) in call'
activesupport (7.0.3) lib/active_support/file_update_checker.rb:83:in `execute'
activerecord (7.0.3) lib/active_record/migration.rb:597:in `block in call'
activerecord (7.0.3) lib/active_record/migration.rb:589:in `synchronize'
activerecord (7.0.3) lib/active_record/migration.rb:589:in `call'
actionpack (7.0.3) lib/action_dispatch/middleware/callbacks.rb:27:in `block in call'
activesupport (7.0.3) lib/active_support/callbacks.rb:99:in `run_callbacks'
actionpack (7.0.3) lib/action_dispatch/middleware/callbacks.rb:26:in `call'
actionpack (7.0.3) lib/action_dispatch/middleware/executor.rb:14:in `call'
actionpack (7.0.3) lib/action_dispatch/middleware/actionable_exceptions.rb:17:in `call'
actionpack (7.0.3) lib/action_dispatch/middleware/debug_exceptions.rb:28:in `call'
web-console (4.2.0) lib/web_console/middleware.rb:132:in `call_app'
web-console (4.2.0) lib/web_console/middleware.rb:28:in `block in call'
web-console (4.2.0) lib/web_console/middleware.rb:17:in `catch'
web-console (4.2.0) lib/web_console/middleware.rb:17:in `call'
actionpack (7.0.3) lib/action_dispatch/middleware/show_exceptions.rb:26:in `call'
railties (7.0.3) lib/rails/rack/logger.rb:40:in `call_app'
railties (7.0.3) lib/rails/rack/logger.rb:25:in `block in call'
activesupport (7.0.3) lib/active_support/tagged_logging.rb:114:in `block in tagged'
activesupport (7.0.3) lib/active_support/tagged_logging.rb:38:in `tagged'
activesupport (7.0.3) lib/active_support/tagged_logging.rb:114:in `tagged'
railties (7.0.3) lib/rails/rack/logger.rb:25:in `call'
sprockets-rails (3.4.2) lib/sprockets/rails/quiet_assets.rb:13:in `call'
actionpack (7.0.3) lib/action_dispatch/middleware/remote_ip.rb:93:in `call'
actionpack (7.0.3) lib/action_dispatch/middleware/request_id.rb:26:in `call'
rack (2.2.3) lib/rack/method_override.rb:24:in `call'
rack (2.2.3) lib/rack/runtime.rb:22:in `call'
activesupport (7.0.3) lib/active_support/cache/strategy/local_cache_middleware.rb:29:in `call'
actionpack (7.0.3) lib/action_dispatch/middleware/server_timing.rb:20:in `call'
actionpack (7.0.3) lib/action_dispatch/middleware/executor.rb:14:in `call'
actionpack (7.0.3) lib/action_dispatch/middleware/static.rb:23:in `call'
rack (2.2.3) lib/rack/sendfile.rb:110:in `call'
actionpack (7.0.3) lib/action_dispatch/middleware/host_authorization.rb:137:in `call'
railties (7.0.3) lib/rails/engine.rb:530:in `call'
puma (5.6.4) lib/puma/configuration.rb:252:in `call'
puma (5.6.4) lib/puma/request.rb:77:in `block in handle_request'
puma (5.6.4) lib/puma/thread_pool.rb:340:in `with_force_shutdown'
puma (5.6.4) lib/puma/request.rb:76:in `handle_request'
puma (5.6.4) lib/puma/server.rb:441:in `process_client'
puma (5.6.4) lib/puma/thread_pool.rb:147:in `block in spawn_thread'
Started POST "/rails/actions" for 127.0.0.1 at 2022-05-16 15:39:46 +0100
  [1m[35m (0.7ms)[0m  [1m[34mSELECT pg_try_advisory_lock(2321900430394461525)[0m
  [1m[36mActiveRecord::SchemaMigration Pluck (1.1ms)[0m  [1m[34mSELECT "schema_migrations"."version" FROM "schema_migrations" ORDER BY "schema_migrations"."version" ASC[0m
Migrating to DeviseCreateUsers (20220516125942)
  [1m[36mTRANSACTION (0.2ms)[0m  [1m[35mBEGIN[0m
  [1m[35m (9.0ms)[0m  [1m[35mCREATE TABLE "users" ("id" bigserial primary key, "name" character varying NOT NULL, "email" character varying DEFAULT '' NOT NULL, "encrypted_password" character varying DEFAULT '' NOT NULL, "reset_password_token" character varying, "reset_password_sent_at" timestamp(6), "remember_created_at" timestamp(6), "confirmation_token" character varying, "confirmed_at" timestamp(6), "confirmation_sent_at" timestamp(6), "unconfirmed_email" character varying, "created_at" timestamp(6) NOT NULL, "updated_at" timestamp(6) NOT NULL)[0m
  [1m[35m (2.6ms)[0m  [1m[35mCREATE UNIQUE INDEX "index_users_on_email" ON "users" ("email")[0m
  [1m[35m (2.7ms)[0m  [1m[35mCREATE UNIQUE INDEX "index_users_on_reset_password_token" ON "users" ("reset_password_token")[0m
  [1m[35m (2.2ms)[0m  [1m[35mCREATE UNIQUE INDEX "index_users_on_confirmation_token" ON "users" ("confirmation_token")[0m
  [1m[36mActiveRecord::SchemaMigration Create (1.0ms)[0m  [1m[32mINSERT INTO "schema_migrations" ("version") VALUES ($1) RETURNING "version"[0m  [["version", "20220516125942"]]
  [1m[36mTRANSACTION (1.6ms)[0m  [1m[35mCOMMIT[0m
Migrating to CreateFoods (20220516132950)
  [1m[36mTRANSACTION (0.3ms)[0m  [1m[35mBEGIN[0m
  [1m[35m (6.8ms)[0m  [1m[35mCREATE TABLE "foods" ("id" bigserial primary key, "name" character varying, "measurement_unit" character varying, "price" float, "user_id" bigint NOT NULL, "created_at" timestamp(6) NOT NULL, "updated_at" timestamp(6) NOT NULL, CONSTRAINT "fk_rails_541e2e5c7b"
FOREIGN KEY ("user_id")
  REFERENCES "users" ("id")
)[0m
  [1m[35m (2.2ms)[0m  [1m[35mCREATE INDEX "index_foods_on_user_id" ON "foods" ("user_id")[0m
  [1m[36mActiveRecord::SchemaMigration Create (0.6ms)[0m  [1m[32mINSERT INTO "schema_migrations" ("version") VALUES ($1) RETURNING "version"[0m  [["version", "20220516132950"]]
  [1m[36mTRANSACTION (1.0ms)[0m  [1m[35mCOMMIT[0m
Migrating to CreateRecipes (20220516133714)
  [1m[36mTRANSACTION (0.3ms)[0m  [1m[35mBEGIN[0m
  [1m[35m (6.6ms)[0m  [1m[35mCREATE TABLE "recipes" ("id" bigserial primary key, "name" character varying, "preparation_time" character varying, "cooking_time" character varying, "decription" character varying, "public" boolean, "user_id" bigint NOT NULL, "created_at" timestamp(6) NOT NULL, "updated_at" timestamp(6) NOT NULL, CONSTRAINT "fk_rails_9606fce865"
FOREIGN KEY ("user_id")
  REFERENCES "users" ("id")
)[0m
  [1m[35m (3.1ms)[0m  [1m[35mCREATE INDEX "index_recipes_on_user_id" ON "recipes" ("user_id")[0m
  [1m[36mActiveRecord::SchemaMigration Create (0.5ms)[0m  [1m[32mINSERT INTO "schema_migrations" ("version") VALUES ($1) RETURNING "version"[0m  [["version", "20220516133714"]]
  [1m[36mTRANSACTION (1.1ms)[0m  [1m[35mCOMMIT[0m
Migrating to CreateRecipeFoods (20220516133952)
  [1m[36mTRANSACTION (0.6ms)[0m  [1m[35mBEGIN[0m
  [1m[35m (5.7ms)[0m  [1m[35mCREATE TABLE "recipe_foods" ("id" bigserial primary key, "quantity" float, "food_id" bigint NOT NULL, "recipe_id" bigint NOT NULL, "created_at" timestamp(6) NOT NULL, "updated_at" timestamp(6) NOT NULL, CONSTRAINT "fk_rails_cef9648c35"
FOREIGN KEY ("food_id")
  REFERENCES "foods" ("id")
, CONSTRAINT "fk_rails_b279eaba63"
FOREIGN KEY ("recipe_id")
  REFERENCES "recipes" ("id")
)[0m
  [1m[35m (1.9ms)[0m  [1m[35mCREATE INDEX "index_recipe_foods_on_food_id" ON "recipe_foods" ("food_id")[0m
  [1m[35m (1.8ms)[0m  [1m[35mCREATE INDEX "index_recipe_foods_on_recipe_id" ON "recipe_foods" ("recipe_id")[0m
  [1m[36mActiveRecord::SchemaMigration Create (0.3ms)[0m  [1m[32mINSERT INTO "schema_migrations" ("version") VALUES ($1) RETURNING "version"[0m  [["version", "20220516133952"]]
  [1m[36mTRANSACTION (1.9ms)[0m  [1m[35mCOMMIT[0m
  [1m[36mActiveRecord::InternalMetadata Load (0.7ms)[0m  [1m[34mSELECT "ar_internal_metadata".* FROM "ar_internal_metadata" WHERE "ar_internal_metadata"."key" = $1 LIMIT $2[0m  [["key", "environment"], ["LIMIT", 1]]
  [1m[36mTRANSACTION (0.2ms)[0m  [1m[35mBEGIN[0m
  [1m[36mActiveRecord::InternalMetadata Create (1.4ms)[0m  [1m[32mINSERT INTO "ar_internal_metadata" ("key", "value", "created_at", "updated_at") VALUES ($1, $2, $3, $4) RETURNING "key"[0m  [["key", "environment"], ["value", "development"], ["created_at", "2022-05-16 14:39:46.297895"], ["updated_at", "2022-05-16 14:39:46.297895"]]
  [1m[36mTRANSACTION (0.6ms)[0m  [1m[35mCOMMIT[0m
  [1m[35m (0.4ms)[0m  [1m[34mSELECT pg_advisory_unlock(2321900430394461525)[0m
  [1m[36mActiveRecord::SchemaMigration Pluck (0.8ms)[0m  [1m[34mSELECT "schema_migrations"."version" FROM "schema_migrations" ORDER BY "schema_migrations"."version" ASC[0m
Started GET "/" for 127.0.0.1 at 2022-05-16 15:39:46 +0100
  [1m[36mActiveRecord::SchemaMigration Pluck (0.7ms)[0m  [1m[34mSELECT "schema_migrations"."version" FROM "schema_migrations" ORDER BY "schema_migrations"."version" ASC[0m
Processing by RecipesController#public as HTML
  Rendering layout layouts/application.html.erb
  Rendering recipes/public.html.erb within layouts/application
  Rendered recipes/public.html.erb within layouts/application (Duration: 1.3ms | Allocations: 148)
  Rendered layout layouts/application.html.erb (Duration: 351.0ms | Allocations: 93496)
Completed 200 OK in 366ms (Views: 354.5ms | ActiveRecord: 0.0ms | Allocations: 96160)


Started GET "/" for 127.0.0.1 at 2022-05-16 15:39:54 +0100
Processing by RecipesController#public as HTML
  Rendering layout layouts/application.html.erb
  Rendering recipes/public.html.erb within layouts/application
  Rendered recipes/public.html.erb within layouts/application (Duration: 0.4ms | Allocations: 149)
  Rendered layout layouts/application.html.erb (Duration: 5.5ms | Allocations: 3184)
Completed 200 OK in 8ms (Views: 7.1ms | ActiveRecord: 0.0ms | Allocations: 4062)


Started GET "/" for 127.0.0.1 at 2022-05-16 15:40:01 +0100
Processing by RecipesController#public as HTML
  Rendering layout layouts/application.html.erb
  Rendering recipes/public.html.erb within layouts/application
  Rendered recipes/public.html.erb within layouts/application (Duration: 0.6ms | Allocations: 144)
  Rendered layout layouts/application.html.erb (Duration: 5.6ms | Allocations: 3141)
Completed 200 OK in 8ms (Views: 7.3ms | ActiveRecord: 0.0ms | Allocations: 4017)


Started GET "/" for 127.0.0.1 at 2022-05-16 15:46:45 +0100
  [1m[36mActiveRecord::SchemaMigration Pluck (0.9ms)[0m  [1m[34mSELECT "schema_migrations"."version" FROM "schema_migrations" ORDER BY "schema_migrations"."version" ASC[0m
Processing by RecipesController#public as HTML
  Rendering layout layouts/application.html.erb
  Rendering recipes/public.html.erb within layouts/application
  Rendered recipes/public.html.erb within layouts/application (Duration: 1.0ms | Allocations: 330)
  Rendered shared/_navbar.html.erb (Duration: 0.5ms | Allocations: 144)
  Rendered layout layouts/application.html.erb (Duration: 133.1ms | Allocations: 35577)
Completed 200 OK in 147ms (Views: 138.8ms | ActiveRecord: 0.0ms | Allocations: 38855)


Started GET "/" for 127.0.0.1 at 2022-05-16 15:48:33 +0100
Processing by RecipesController#public as HTML
  Rendering layout layouts/application.html.erb
  Rendering recipes/public.html.erb within layouts/application
  Rendered recipes/public.html.erb within layouts/application (Duration: 1.1ms | Allocations: 144)
  Rendered shared/_navbar.html.erb (Duration: 13.9ms | Allocations: 11165)
  Rendered layout layouts/application.html.erb (Duration: 22.5ms | Allocations: 14482)
Completed 500 Internal Server Error in 28ms (ActiveRecord: 0.0ms | Allocations: 15380)


  
ActionView::SyntaxErrorInTemplate (Encountered a syntax error while rendering template: check <nav class="navbar navbar-expand-lg bg-light">
  <div class="container-fluid">
    <%= link_to "Recipe App", root_path class:"navbar-brand"%>
    <button class="navbar-toggler" type="button" data-bs-toggle="collapse" data-bs-target="#navbarNav" aria-controls="navbarNav" aria-expanded="false" aria-label="Toggle navigation">
      <span class="navbar-toggler-icon"></span>
    </button>
    <div class="collapse navbar-collapse" id="navbarNav">
      <ul class="navbar-nav">
        <li class="nav-item">
          <a class="nav-link active" aria-current="page" href="#">Home</a>
        </li>
        <li class="nav-item">
          <a class="nav-link" href="#">Features</a>
        </li>
        <li class="nav-item">
          <a class="nav-link" href="#">Pricing</a>
        </li>
        <li class="nav-item">
          <a class="nav-link disabled">Disabled</a>
        </li>
      </ul>
    </div>
  </div>
</nav>
):
1:    <nav class="navbar navbar-expand-lg bg-light">
2:      <div class="container-fluid">
3:        <%= link_to "Recipe App", root_path class:"navbar-brand"%>
4:        <button class="navbar-toggler" type="button" data-bs-toggle="collapse" data-bs-target="#navbarNav" aria-controls="navbarNav" aria-expanded="false" aria-label="Toggle navigation">
5:          <span class="navbar-toggler-icon"></span>
6:        </button>
7:        <div class="collapse navbar-collapse" id="navbarNav">
8:          <ul class="navbar-nav">
9:            <li class="nav-item">
10:              <a class="nav-link active" aria-current="page" href="#">Home</a>
11:            </li>
12:            <li class="nav-item">
13:              <a class="nav-link" href="#">Features</a>
14:            </li>
15:            <li class="nav-item">
16:              <a class="nav-link" href="#">Pricing</a>
17:            </li>
18:            <li class="nav-item">
19:              <a class="nav-link disabled">Disabled</a>
20:            </li>
21:          </ul>
22:        </div>
23:      </div>
24:    </nav>
  
app/views/shared/_navbar.html.erb:3: syntax error, unexpected label, expecting `do' or '{' or '('
app/views/shared/_navbar.html.erb:3: syntax error, unexpected label, expecting `do' or '{' or '('
app/views/shared/_navbar.html.erb:3: syntax error, unexpected label, expecting `do' or '{' or '('
app/views/shared/_navbar.html.erb:3: syntax error, unexpected label, expecting `do' or '{' or '('
app/views/shared/_navbar.html.erb:3: syntax error, unexpected label, expecting `do' or '{' or '('
app/views/shared/_navbar.html.erb:3: syntax error, unexpected label, expecting `do' or '{' or '('
app/views/layouts/application.html.erb:18
Started GET "/" for 127.0.0.1 at 2022-05-16 15:48:45 +0100
Processing by RecipesController#public as HTML
  Rendering layout layouts/application.html.erb
  Rendering recipes/public.html.erb within layouts/application
  Rendered recipes/public.html.erb within layouts/application (Duration: 0.8ms | Allocations: 144)
  Rendered shared/_navbar.html.erb (Duration: 1.0ms | Allocations: 276)
  Rendered shared/_flash.html.erb (Duration: 1.3ms | Allocations: 235)
  Rendered layout layouts/application.html.erb (Duration: 13.7ms | Allocations: 3948)
Completed 200 OK in 18ms (Views: 17.0ms | ActiveRecord: 0.0ms | Allocations: 4821)


Started GET "/" for 127.0.0.1 at 2022-05-16 15:48:46 +0100
Processing by RecipesController#public as HTML
  Rendering layout layouts/application.html.erb
  Rendering recipes/public.html.erb within layouts/application
  Rendered recipes/public.html.erb within layouts/application (Duration: 0.1ms | Allocations: 18)
  Rendered shared/_navbar.html.erb (Duration: 0.2ms | Allocations: 61)
  Rendered shared/_flash.html.erb (Duration: 0.1ms | Allocations: 31)
  Rendered layout layouts/application.html.erb (Duration: 4.6ms | Allocations: 2774)
Completed 200 OK in 6ms (Views: 5.2ms | ActiveRecord: 0.0ms | Allocations: 3066)


Started GET "/" for 127.0.0.1 at 2022-05-16 15:48:47 +0100
Processing by RecipesController#public as HTML
  Rendering layout layouts/application.html.erb
  Rendering recipes/public.html.erb within layouts/application
  Rendered recipes/public.html.erb within layouts/application (Duration: 0.1ms | Allocations: 18)
  Rendered shared/_navbar.html.erb (Duration: 0.4ms | Allocations: 61)
  Rendered shared/_flash.html.erb (Duration: 0.1ms | Allocations: 31)
  Rendered layout layouts/application.html.erb (Duration: 12.1ms | Allocations: 2769)
Completed 200 OK in 14ms (Views: 13.0ms | ActiveRecord: 0.0ms | Allocations: 3047)


Started GET "/" for 127.0.0.1 at 2022-05-16 15:49:00 +0100
Processing by RecipesController#public as HTML
  Rendering layout layouts/application.html.erb
  Rendering recipes/public.html.erb within layouts/application
  Rendered recipes/public.html.erb within layouts/application (Duration: 0.1ms | Allocations: 18)
  Rendered shared/_navbar.html.erb (Duration: 0.4ms | Allocations: 61)
  Rendered shared/_flash.html.erb (Duration: 0.3ms | Allocations: 31)
  Rendered layout layouts/application.html.erb (Duration: 8.9ms | Allocations: 2787)
Completed 200 OK in 11ms (Views: 9.9ms | ActiveRecord: 0.0ms | Allocations: 3061)


Started GET "/" for 127.0.0.1 at 2022-05-16 15:49:06 +0100
Processing by RecipesController#public as HTML
  Rendering layout layouts/application.html.erb
  Rendering recipes/public.html.erb within layouts/application
  Rendered recipes/public.html.erb within layouts/application (Duration: 0.2ms | Allocations: 18)
  Rendered shared/_navbar.html.erb (Duration: 0.4ms | Allocations: 61)
  Rendered shared/_flash.html.erb (Duration: 0.2ms | Allocations: 31)
  Rendered layout layouts/application.html.erb (Duration: 9.9ms | Allocations: 2762)
Completed 200 OK in 11ms (Views: 10.8ms | ActiveRecord: 0.0ms | Allocations: 3034)


Started GET "/" for 127.0.0.1 at 2022-05-16 15:49:07 +0100
Processing by RecipesController#public as HTML
  Rendering layout layouts/application.html.erb
  Rendering recipes/public.html.erb within layouts/application
  Rendered recipes/public.html.erb within layouts/application (Duration: 0.1ms | Allocations: 18)
  Rendered shared/_navbar.html.erb (Duration: 0.3ms | Allocations: 61)
  Rendered shared/_flash.html.erb (Duration: 0.8ms | Allocations: 31)
  Rendered layout layouts/application.html.erb (Duration: 8.9ms | Allocations: 2762)
Completed 200 OK in 11ms (Views: 10.0ms | ActiveRecord: 0.0ms | Allocations: 3034)


Started GET "/" for 127.0.0.1 at 2022-05-16 15:49:08 +0100
Processing by RecipesController#public as HTML
  Rendering layout layouts/application.html.erb
  Rendering recipes/public.html.erb within layouts/application
  Rendered recipes/public.html.erb within layouts/application (Duration: 0.1ms | Allocations: 18)
  Rendered shared/_navbar.html.erb (Duration: 2.9ms | Allocations: 61)
  Rendered shared/_flash.html.erb (Duration: 0.2ms | Allocations: 31)
  Rendered layout layouts/application.html.erb (Duration: 13.3ms | Allocations: 2759)
Completed 200 OK in 15ms (Views: 14.2ms | ActiveRecord: 0.0ms | Allocations: 3031)


Started GET "/" for 127.0.0.1 at 2022-05-16 15:49:09 +0100
Processing by RecipesController#public as HTML
  Rendering layout layouts/application.html.erb
  Rendering recipes/public.html.erb within layouts/application
  Rendered recipes/public.html.erb within layouts/application (Duration: 0.1ms | Allocations: 18)
  Rendered shared/_navbar.html.erb (Duration: 0.4ms | Allocations: 61)
  Rendered shared/_flash.html.erb (Duration: 0.2ms | Allocations: 31)
  Rendered layout layouts/application.html.erb (Duration: 10.4ms | Allocations: 2759)
Completed 200 OK in 12ms (Views: 11.1ms | ActiveRecord: 0.0ms | Allocations: 3031)


Started GET "/foods" for 127.0.0.1 at 2022-05-16 15:49:15 +0100
Processing by FoodsController#index as HTML
  Rendering layout layouts/application.html.erb
  Rendering foods/index.html.erb within layouts/application
  [1m[36mFood Load (1.3ms)[0m  [1m[34mSELECT "foods".* FROM "foods"[0m
  ↳ app/views/foods/index.html.erb:6
  Rendered foods/index.html.erb within layouts/application (Duration: 5.4ms | Allocations: 1595)
  Rendered shared/_navbar.html.erb (Duration: 1.1ms | Allocations: 58)
  Rendered shared/_flash.html.erb (Duration: 0.2ms | Allocations: 24)
  Rendered layout layouts/application.html.erb (Duration: 20.5ms | Allocations: 4238)
Completed 200 OK in 37ms (Views: 21.4ms | ActiveRecord: 1.3ms | Allocations: 6973)


Started GET "/" for 127.0.0.1 at 2022-05-16 15:49:18 +0100
Processing by RecipesController#public as HTML
  Rendering layout layouts/application.html.erb
  Rendering recipes/public.html.erb within layouts/application
  Rendered recipes/public.html.erb within layouts/application (Duration: 0.2ms | Allocations: 18)
  Rendered shared/_navbar.html.erb (Duration: 0.3ms | Allocations: 61)
  Rendered shared/_flash.html.erb (Duration: 0.1ms | Allocations: 31)
  Rendered layout layouts/application.html.erb (Duration: 10.9ms | Allocations: 2780)
Completed 200 OK in 14ms (Views: 12.2ms | ActiveRecord: 0.0ms | Allocations: 3071)


Started GET "/" for 127.0.0.1 at 2022-05-16 15:50:09 +0100
Processing by RecipesController#public as HTML
  Rendering layout layouts/application.html.erb
  Rendering recipes/public.html.erb within layouts/application
  Rendered recipes/public.html.erb within layouts/application (Duration: 0.1ms | Allocations: 26)
  Rendered shared/_navbar.html.erb (Duration: 0.9ms | Allocations: 99)
  Rendered shared/_flash.html.erb (Duration: 0.3ms | Allocations: 30)
  Rendered layout layouts/application.html.erb (Duration: 34.2ms | Allocations: 13910)
Completed 200 OK in 39ms (Views: 36.9ms | ActiveRecord: 0.0ms | Allocations: 15025)


Started GET "/" for 127.0.0.1 at 2022-05-16 15:50:22 +0100
Processing by RecipesController#public as HTML
  Rendering layout layouts/application.html.erb
  Rendering recipes/public.html.erb within layouts/application
  Rendered recipes/public.html.erb within layouts/application (Duration: 0.1ms | Allocations: 26)
  Rendered shared/_navbar.html.erb (Duration: 0.5ms | Allocations: 99)
  Rendered shared/_flash.html.erb (Duration: 0.2ms | Allocations: 34)
  Rendered layout layouts/application.html.erb (Duration: 20.9ms | Allocations: 13809)
Completed 200 OK in 24ms (Views: 22.8ms | ActiveRecord: 0.0ms | Allocations: 14931)


Started GET "/" for 127.0.0.1 at 2022-05-16 15:52:35 +0100
Processing by RecipesController#public as HTML
  Rendering layout layouts/application.html.erb
  Rendering recipes/public.html.erb within layouts/application
  Rendered recipes/public.html.erb within layouts/application (Duration: 0.5ms | Allocations: 149)
  Rendered shared/_navbar.html.erb (Duration: 1.3ms | Allocations: 236)
  Rendered shared/_flash.html.erb (Duration: 0.8ms | Allocations: 227)
  Rendered layout layouts/application.html.erb (Duration: 25.7ms | Allocations: 15077)
Completed 200 OK in 28ms (Views: 27.3ms | ActiveRecord: 0.0ms | Allocations: 16135)


Started GET "/" for 127.0.0.1 at 2022-05-16 15:52:38 +0100
Processing by RecipesController#public as HTML
  Rendering layout layouts/application.html.erb
  Rendering recipes/public.html.erb within layouts/application
  Rendered recipes/public.html.erb within layouts/application (Duration: 0.1ms | Allocations: 18)
  Rendered shared/_navbar.html.erb (Duration: 0.8ms | Allocations: 61)
  Rendered shared/_flash.html.erb (Duration: 0.3ms | Allocations: 31)
  Rendered layout layouts/application.html.erb (Duration: 9.4ms | Allocations: 2755)
Completed 200 OK in 11ms (Views: 10.1ms | ActiveRecord: 0.0ms | Allocations: 3042)


Started GET "/" for 127.0.0.1 at 2022-05-16 15:55:01 +0100
Processing by RecipesController#public as HTML
  Rendering layout layouts/application.html.erb
  Rendering recipes/public.html.erb within layouts/application
  Rendered recipes/public.html.erb within layouts/application (Duration: 1.2ms | Allocations: 144)
  Rendered shared/_navbar.html.erb (Duration: 1.2ms | Allocations: 418)
  Rendered shared/_flash.html.erb (Duration: 0.9ms | Allocations: 220)
  Rendered layout layouts/application.html.erb (Duration: 13.8ms | Allocations: 4067)
Completed 200 OK in 18ms (Views: 16.4ms | ActiveRecord: 0.0ms | Allocations: 4913)


Started GET "/foods" for 127.0.0.1 at 2022-05-16 15:55:03 +0100
Processing by FoodsController#index as HTML
  Rendering layout layouts/application.html.erb
  Rendering foods/index.html.erb within layouts/application
  [1m[36mFood Load (0.4ms)[0m  [1m[34mSELECT "foods".* FROM "foods"[0m
  ↳ app/views/foods/index.html.erb:6
  Rendered foods/index.html.erb within layouts/application (Duration: 5.2ms | Allocations: 1450)
  Rendered shared/_navbar.html.erb (Duration: 0.3ms | Allocations: 181)
  Rendered shared/_flash.html.erb (Duration: 0.1ms | Allocations: 24)
  Rendered layout layouts/application.html.erb (Duration: 13.9ms | Allocations: 4216)
Completed 200 OK in 23ms (Views: 17.8ms | ActiveRecord: 0.4ms | Allocations: 5861)


Started GET "/recipes" for 127.0.0.1 at 2022-05-16 15:55:04 +0100
Processing by RecipesController#index as HTML
  Rendering layout layouts/application.html.erb
  Rendering recipes/index.html.erb within layouts/application
  [1m[36mRecipe Load (1.7ms)[0m  [1m[34mSELECT "recipes".* FROM "recipes"[0m
  ↳ app/views/recipes/index.html.erb:6
  Rendered recipes/index.html.erb within layouts/application (Duration: 7.7ms | Allocations: 1458)
  Rendered shared/_navbar.html.erb (Duration: 0.4ms | Allocations: 167)
  Rendered shared/_flash.html.erb (Duration: 0.1ms | Allocations: 21)
  Rendered layout layouts/application.html.erb (Duration: 32.3ms | Allocations: 4124)
Completed 200 OK in 40ms (Views: 31.9ms | ActiveRecord: 1.7ms | Allocations: 5365)


Started GET "/public_recipes" for 127.0.0.1 at 2022-05-16 15:55:05 +0100
Processing by RecipesController#public as HTML
  Rendering layout layouts/application.html.erb
  Rendering recipes/public.html.erb within layouts/application
  Rendered recipes/public.html.erb within layouts/application (Duration: 0.3ms | Allocations: 18)
  Rendered shared/_navbar.html.erb (Duration: 1.3ms | Allocations: 175)
  Rendered shared/_flash.html.erb (Duration: 0.2ms | Allocations: 31)
  Rendered layout layouts/application.html.erb (Duration: 10.6ms | Allocations: 2875)
Completed 200 OK in 12ms (Views: 11.7ms | ActiveRecord: 0.0ms | Allocations: 3151)


Started GET "/" for 127.0.0.1 at 2022-05-16 15:55:07 +0100
Processing by RecipesController#public as HTML
  Rendering layout layouts/application.html.erb
  Rendering recipes/public.html.erb within layouts/application
  Rendered recipes/public.html.erb within layouts/application (Duration: 0.1ms | Allocations: 18)
  Rendered shared/_navbar.html.erb (Duration: 0.7ms | Allocations: 175)
  Rendered shared/_flash.html.erb (Duration: 0.4ms | Allocations: 31)
  Rendered layout layouts/application.html.erb (Duration: 10.9ms | Allocations: 2885)
Completed 200 OK in 14ms (Views: 12.5ms | ActiveRecord: 0.0ms | Allocations: 3157)


Started GET "/foods" for 127.0.0.1 at 2022-05-16 15:55:09 +0100
Processing by FoodsController#index as HTML
  Rendering layout layouts/application.html.erb
  Rendering foods/index.html.erb within layouts/application
  [1m[36mFood Load (0.5ms)[0m  [1m[34mSELECT "foods".* FROM "foods"[0m
  ↳ app/views/foods/index.html.erb:6
  Rendered foods/index.html.erb within layouts/application (Duration: 3.7ms | Allocations: 974)
  Rendered shared/_navbar.html.erb (Duration: 0.3ms | Allocations: 166)
  Rendered shared/_flash.html.erb (Duration: 0.1ms | Allocations: 21)
  Rendered layout layouts/application.html.erb (Duration: 11.6ms | Allocations: 3500)
Completed 200 OK in 13ms (Views: 12.0ms | ActiveRecord: 0.5ms | Allocations: 3790)


Started GET "/recipes" for 127.0.0.1 at 2022-05-16 15:55:10 +0100
Processing by RecipesController#index as HTML
  Rendering layout layouts/application.html.erb
  Rendering recipes/index.html.erb within layouts/application
  [1m[36mRecipe Load (0.3ms)[0m  [1m[34mSELECT "recipes".* FROM "recipes"[0m
  ↳ app/views/recipes/index.html.erb:6
  Rendered recipes/index.html.erb within layouts/application (Duration: 2.7ms | Allocations: 951)
  Rendered shared/_navbar.html.erb (Duration: 0.4ms | Allocations: 166)
  Rendered shared/_flash.html.erb (Duration: 0.1ms | Allocations: 21)
  Rendered layout layouts/application.html.erb (Duration: 8.0ms | Allocations: 3482)
Completed 200 OK in 9ms (Views: 8.4ms | ActiveRecord: 0.3ms | Allocations: 3766)


Started GET "/public_recipes" for 127.0.0.1 at 2022-05-16 15:55:10 +0100
Processing by RecipesController#public as HTML
  Rendering layout layouts/application.html.erb
  Rendering recipes/public.html.erb within layouts/application
  Rendered recipes/public.html.erb within layouts/application (Duration: 0.1ms | Allocations: 18)
  Rendered shared/_navbar.html.erb (Duration: 0.3ms | Allocations: 175)
  Rendered shared/_flash.html.erb (Duration: 0.1ms | Allocations: 31)
  Rendered layout layouts/application.html.erb (Duration: 6.3ms | Allocations: 2880)
Completed 200 OK in 8ms (Views: 7.3ms | ActiveRecord: 0.0ms | Allocations: 3152)


